<?xml version="1.0" encoding="UTF-8"?>
<!-- Generated by org.testng.reporters.JUnitReportReporter -->
<testsuite hostname="Appu-PC" failures="0" tests="1" name="MavenSample.MavenSample.AppTest" time="0.008" errors="0" timestamp="2021-08-06T13:27:09 IST" skipped="0">
  <testcase classname="MavenSample.MavenSample.AppTest" name="shouldAnswerWithTrue" time="0.008"/>
  <system-out/>
</testsuite> <!-- MavenSample.MavenSample.AppTest -->
