<?xml version="1.0" encoding="UTF-8"?>
<!-- Generated by org.testng.reporters.JUnitReportReporter -->
<testsuite hostname="Appu-PC" failures="0" tests="2" name="MavenSample.MavenSample.DoTest" time="0.047" errors="0" timestamp="2021-08-11T14:01:10 IST" skipped="0">
  <testcase classname="MavenSample.MavenSample.DoTest" name="m2" time="0.006"/>
  <system-out/>
  <testcase classname="MavenSample.MavenSample.DoTest" name="m1" time="0.041"/>
  <system-out/>
</testsuite> <!-- MavenSample.MavenSample.DoTest -->
