<?xml version="1.0" encoding="UTF-8"?>
<!-- Generated by org.testng.reporters.JUnitReportReporter -->
<testsuite hostname="Appu-PC" failures="0" tests="3" name="test.group2" time="0.047" errors="0" timestamp="2021-08-12T12:57:56 IST" skipped="1">
  <testcase classname="test.group2" name="m6" time="0.040"/>
  <system-out/>
  <testcase classname="test.group2" name="m7" time="0.007"/>
  <system-out/>
  <testcase classname="test.group2" name="m5">
    <skipped/>
  </testcase> <!-- m5 -->
  <system-out/>
</testsuite> <!-- test.group2 -->
