<?xml version="1.0" encoding="UTF-8"?>
<!-- Generated by org.testng.reporters.JUnitReportReporter -->
<testsuite hostname="Appu-PC" failures="0" tests="1" name="test.App1Test" time="0.029" errors="0" timestamp="2021-08-06T13:27:09 IST" skipped="0">
  <testcase classname="test.App1Test" name="m2" time="0.029"/>
  <system-out/>
</testsuite> <!-- test.App1Test -->
