<?xml version="1.0" encoding="UTF-8"?>
<!-- Generated by org.testng.reporters.JUnitReportReporter -->
<testsuite hostname="Appu-PC" failures="0" tests="7" name="test.group1" time="4.114" errors="0" timestamp="2021-08-12T12:41:24 IST" skipped="0">
  <testcase classname="test.group1" name="m1" time="0.058"/>
  <system-out/>
  <testcase classname="test.group1" name="m2" time="0.007"/>
  <system-out/>
  <testcase classname="test.group1" name="m3" time="1.017"/>
  <system-out/>
  <testcase classname="test.group1" name="m3" time="1.007"/>
  <system-out/>
  <testcase classname="test.group1" name="m3" time="1.015"/>
  <system-out/>
  <testcase classname="test.group1" name="m4" time="0.002"/>
  <system-out/>
  <testcase classname="test.group1" name="m3" time="1.008"/>
  <system-out/>
</testsuite> <!-- test.group1 -->
