<?xml version="1.0" encoding="UTF-8"?>
<!-- Generated by org.testng.reporters.JUnitReportReporter -->
<testsuite skipped="0" hostname="Appu-PC" name="MavenSample.MavenSample.DoTest" tests="1" failures="0" timestamp="2021-08-02T15:12:26 IST" time="0.002" errors="0">
  <testcase name="m1" time="0.002" classname="MavenSample.MavenSample.DoTest"/>
  <system-out/>
</testsuite> <!-- MavenSample.MavenSample.DoTest -->
