<?xml version="1.0" encoding="UTF-8"?>
<!-- Generated by org.testng.reporters.JUnitReportReporter -->
<testsuite skipped="0" hostname="Appu-PC" name="MavenSample.MavenSample.AppTest" tests="1" failures="0" timestamp="2021-08-06T13:43:49 IST" time="0.018" errors="0">
  <testcase name="shouldAnswerWithTrue" time="0.018" classname="MavenSample.MavenSample.AppTest"/>
  <system-out/>
</testsuite> <!-- MavenSample.MavenSample.AppTest -->
