<?xml version="1.0" encoding="UTF-8"?>
<!-- Generated by org.testng.reporters.JUnitReportReporter -->
<testsuite skipped="0" hostname="Appu-PC" name="test.App1Test" tests="1" failures="0" timestamp="2021-08-06T13:43:49 IST" time="0.022" errors="0">
  <testcase name="m2" time="0.022" classname="test.App1Test"/>
  <system-out/>
</testsuite> <!-- test.App1Test -->
